<?xml version="1.0" encoding="UTF-8"?>
<testsuite xmlns:xsi="http://www.w3.org/2001/XMLSchema-instance" xsi:noNamespaceSchemaLocation="https://maven.apache.org/surefire/maven-surefire-plugin/xsd/surefire-test-report-3.0.xsd" version="3.0" name="com.nhnacademy.taskapi.member.service.MemberServiceTest" time="0.97" tests="14" errors="0" skipped="0" failures="0">
  <properties>
[...]
</properties>
  <testcase name="existsByIdTest" classname="com.nhnacademy.taskapi.member.service.MemberServiceTest" time="0.143"/>
  <testcase name="registerMemberFailedTest1" classname="com.nhnacademy.taskapi.member.service.MemberServiceTest" time="0.001"/>
  <testcase name="registerMemberFailedTest2" classname="com.nhnacademy.taskapi.member.service.MemberServiceTest" time="0.095"/>
  <testcase name="existsByLoginIdTest" classname="com.nhnacademy.taskapi.member.service.MemberServiceTest" time="0.001"/>
  <testcase name="changeStatusToActivation1" classname="com.nhnacademy.taskapi.member.service.MemberServiceTest" time="0.089"/>
  <testcase name="removeMemberTest" classname="com.nhnacademy.taskapi.member.service.MemberServiceTest" time="0.09"/>
  <testcase name="getMemberByLoginIdTest" classname="com.nhnacademy.taskapi.member.service.MemberServiceTest" time="0.001"/>
  <testcase name="registerMemberTest" classname="com.nhnacademy.taskapi.member.service.MemberServiceTest" time="0.089"/>
  <testcase name="getLoginByIdFailedTest2" classname="com.nhnacademy.taskapi.member.service.MemberServiceTest" time="0.001"/>
  <testcase name="getAllMembersTest" classname="com.nhnacademy.taskapi.member.service.MemberServiceTest" time="0.001"/>
  <testcase name="getMemberByIdTest" classname="com.nhnacademy.taskapi.member.service.MemberServiceTest" time="0.001"/>
  <testcase name="modifyMemberTest1" classname="com.nhnacademy.taskapi.member.service.MemberServiceTest" time="0.267"/>
  <testcase name="modifyMemberTest2" classname="com.nhnacademy.taskapi.member.service.MemberServiceTest" time="0.185"/>
  <testcase name="getMemberByIdFailedTest1" classname="com.nhnacademy.taskapi.member.service.MemberServiceTest" time="0.001"/>
</testsuite>